<?xml version="1.0" encoding="UTF-8"?>
<testng-results ignored="0" total="1" passed="1" failed="0" skipped="0">
  <reporter-output>
  </reporter-output>
  <suite started-at="2021-11-02T09:08:30 IST" name="Default suite" finished-at="2021-11-02T09:08:44 IST" duration-ms="13675">
    <groups>
    </groups>
    <test started-at="2021-11-02T09:08:30 IST" name="Default test" finished-at="2021-11-02T09:08:44 IST" duration-ms="13675">
      <class name="tests.TC001">
        <test-method is-config="true" signature="init()[pri:0, instance:tests.TC001@1de76cc7]" started-at="2021-11-02T09:08:30 IST" name="init" finished-at="2021-11-02T09:08:42 IST" duration-ms="11937" status="PASS">
          <reporter-output>
          </reporter-output>
        </test-method> <!-- init -->
        <test-method signature="getTitle()[pri:0, instance:tests.TC001@1de76cc7]" started-at="2021-11-02T09:08:42 IST" name="getTitle" finished-at="2021-11-02T09:08:42 IST" duration-ms="26" status="PASS">
          <reporter-output>
          </reporter-output>
        </test-method> <!-- getTitle -->
        <test-method is-config="true" signature="tearDown()[pri:0, instance:tests.TC001@1de76cc7]" started-at="2021-11-02T09:08:42 IST" name="tearDown" finished-at="2021-11-02T09:08:44 IST" duration-ms="1637" status="PASS">
          <reporter-output>
          </reporter-output>
        </test-method> <!-- tearDown -->
      </class> <!-- tests.TC001 -->
    </test> <!-- Default test -->
  </suite> <!-- Default suite -->
</testng-results>
